[debug] [2018-03-23T00:42:01.457Z] ----------------------------------------------------------------------
[debug] [2018-03-23T00:42:01.457Z] Command:       C:\Program Files\nodejs\node.exe C:\Users\tjgra_000\AppData\Roaming\npm\node_modules\firebase-tools\bin\firebase serve
[debug] [2018-03-23T00:42:01.457Z] CLI Version:   3.17.6
[debug] [2018-03-23T00:42:01.457Z] Platform:      win32
[debug] [2018-03-23T00:42:01.457Z] Node Version:  v8.9.4
[debug] [2018-03-23T00:42:01.457Z] Time:          Thu Mar 22 2018 19:42:01 GMT-0500 (Central Daylight Time)
[debug] [2018-03-23T00:42:01.457Z] ----------------------------------------------------------------------
[debug] 
[debug] [2018-03-23T00:42:01.479Z] > command requires scopes: ["email","openid","https://www.googleapis.com/auth/cloudplatformprojects.readonly","https://www.googleapis.com/auth/firebase","https://www.googleapis.com/auth/cloud-platform"]
[debug] [2018-03-23T00:42:01.479Z] > authorizing via signed-in user
[debug] [2018-03-23T00:42:01.479Z] >>> HTTP REQUEST GET https://admin.firebase.com/v1/projects/bookends-janptp1g4  
  
 Thu Mar 22 2018 19:42:01 GMT-0500 (Central Daylight Time)
[debug] [2018-03-23T00:42:01.974Z] <<< HTTP RESPONSE 200
[debug] [2018-03-23T00:42:01.977Z] >>> HTTP REQUEST GET https://admin.firebase.com/v1/database/bookends-janptp1g4/tokens  
  
 Thu Mar 22 2018 19:42:01 GMT-0500 (Central Daylight Time)
[debug] [2018-03-23T00:42:02.558Z] <<< HTTP RESPONSE 200
[debug] [2018-03-23T00:42:02.559Z] >>> HTTP REQUEST GET https://cloudresourcemanager.googleapis.com/v1/projects/bookends-janptp1g4  
  
 Thu Mar 22 2018 19:42:02 GMT-0500 (Central Daylight Time)
[debug] [2018-03-23T00:42:02.867Z] <<< HTTP RESPONSE 200
[info] 
[info] === Serving from 'C:\Users\tjgra_000\Desktop\bookends'...
[info] 
[debug] [2018-03-23T00:42:02.870Z] >>> HTTP REQUEST GET https://mobilesdk-pa.googleapis.com/v1/projects/927262703566/clients/_:getWebAppConfig  
  
 Thu Mar 22 2018 19:42:02 GMT-0500 (Central Daylight Time)
[debug] [2018-03-23T00:42:03.207Z] <<< HTTP RESPONSE 200
[info] i  hosting: Serving hosting files from: public
[info] +  hosting: Local server: http://localhost:5000

[info] Shutting down...
